
> resume-lm@0.1.0 dev /app
> next dev

   ▲ Next.js 15.1.11
   - Local:        http://localhost:3000
   - Network:      http://172.26.0.6:3000
   - Experiments (use with caution):
     · turbo

 ✓ Starting...
 ✓ Ready in 2.7s
 ELIFECYCLE  Command failed.

> resume-lm@0.1.0 dev /app
> next dev

   ▲ Next.js 15.1.11
   - Local:        http://localhost:3000
   - Network:      http://172.26.0.6:3000
   - Experiments (use with caution):
     · turbo

 ✓ Starting...
 ✓ Ready in 2.5s
 ELIFECYCLE  Command failed.

> resume-lm@0.1.0 dev /app
> next dev

   ▲ Next.js 15.1.11
   - Local:        http://localhost:3000
   - Network:      http://172.26.0.6:3000
   - Experiments (use with caution):
     · turbo

 ✓ Starting...
 ✓ Ready in 2.9s
 ELIFECYCLE  Command failed.

> resume-lm@0.1.0 dev /app
> next dev

   ▲ Next.js 15.1.11
   - Local:        http://localhost:3000
   - Network:      http://172.26.0.6:3000
   - Experiments (use with caution):
     · turbo

 ✓ Starting...
 ✓ Ready in 2.6s
 ELIFECYCLE  Command failed.

> resume-lm@0.1.0 dev /app
> next dev

   ▲ Next.js 15.1.11
   - Local:        http://localhost:3000
   - Network:      http://172.26.0.6:3000
   - Experiments (use with caution):
     · turbo

 ✓ Starting...
 ✓ Ready in 2s
 ELIFECYCLE  Command failed.

> resume-lm@0.1.0 dev /app
> next dev

   ▲ Next.js 15.1.11
   - Local:        http://localhost:3000
   - Network:      http://172.26.0.6:3000
   - Experiments (use with caution):
     · turbo

 ✓ Starting...
 ✓ Ready in 2.1s
 ELIFECYCLE  Command failed.

> resume-lm@0.1.0 dev /app
> next dev

   ▲ Next.js 15.1.11
   - Local:        http://localhost:3000
   - Network:      http://172.26.0.6:3000
   - Experiments (use with caution):
     · turbo

 ✓ Starting...
 ✓ Ready in 2s
 ELIFECYCLE  Command failed.

> resume-lm@0.1.0 dev /app
> next dev

   ▲ Next.js 15.1.11
   - Local:        http://localhost:3000
   - Network:      http://172.26.0.6:3000
   - Experiments (use with caution):
     · turbo

 ✓ Starting...
 ✓ Ready in 2.4s
 ELIFECYCLE  Command failed.

> resume-lm@0.1.0 dev /app
> next dev

   ▲ Next.js 15.1.11
   - Local:        http://localhost:3000
   - Network:      http://172.26.0.6:3000
   - Experiments (use with caution):
     · turbo

 ✓ Starting...
 ✓ Ready in 2.2s
 ELIFECYCLE  Command failed.

> resume-lm@0.1.0 dev /app
> next dev

   ▲ Next.js 15.1.11
   - Local:        http://localhost:3000
   - Network:      http://172.26.0.6:3000
   - Experiments (use with caution):
     · turbo

 ✓ Starting...
 ✓ Ready in 2.3s
 ELIFECYCLE  Command failed.

> resume-lm@0.1.0 dev /app
> next dev

   ▲ Next.js 15.1.11
   - Local:        http://localhost:3000
   - Network:      http://172.26.0.6:3000
   - Experiments (use with caution):
     · turbo

 ✓ Starting...
 ✓ Ready in 2.3s
